[02-Apr-2019 12:45:11 UTC] PHP Warning:  require(/home/dev4a/public_html/usr/../vendor/autoload.php): failed to open stream: No such file or directory in /home/dev4a/public_html/usr/index.php on line 24
[02-Apr-2019 12:45:11 UTC] PHP Warning:  require(/home/dev4a/public_html/usr/../vendor/autoload.php): failed to open stream: No such file or directory in /home/dev4a/public_html/usr/index.php on line 24
[02-Apr-2019 12:45:11 UTC] PHP Fatal error:  require(): Failed opening required '/home/dev4a/public_html/usr/../vendor/autoload.php' (include_path='.:/opt/cpanel/ea-php70/root/usr/share/pear') in /home/dev4a/public_html/usr/index.php on line 24
[02-Apr-2019 13:23:11 UTC] PHP Parse error:  syntax error, unexpected '?' in /home/dev4a/public_html/usr/vendor/laravel/framework/src/Illuminate/Foundation/helpers.php on line 233
[02-Apr-2019 13:23:33 UTC] PHP Parse error:  syntax error, unexpected '?' in /home/dev4a/public_html/usr/vendor/laravel/framework/src/Illuminate/Foundation/helpers.php on line 233
[03-Apr-2019 07:53:18 UTC] PHP Fatal error:  Class 'App\Http\Controllers\BaseController' not found in /home/dev4a/public_html/usr/app/Http/Controllers/VolunteerController.php on line 5
[03-Apr-2019 08:25:46 UTC] PHP Fatal error:  Access level to App\Model\Volunteer::$timestamps must be public (as in class Illuminate\Database\Eloquent\Model) in /home/dev4a/public_html/usr/app/Model/Volunteer.php on line 0
[04-Apr-2019 08:01:52 UTC] PHP Fatal error:  Cannot make static method Illuminate\Database\Eloquent\Model::all() non static in class App\Model\Question in /home/dev4a/public_html/usr/app/Model/Question.php on line 0
[17-Apr-2019 11:15:34 UTC] PHP Fatal error:  Cannot make static method Illuminate\Database\Eloquent\Model::all() non static in class App\Model\Volunteer in /home/dev4a/public_html/usr/app/Model/Volunteer.php on line 0
[18-Apr-2019 13:05:03 UTC] PHP Fatal error:  Cannot use App\Model\SessionTokens as SessionTokens because the name is already in use in /home/dev4a/public_html/usr/app/Model/Volunteer.php on line 8
[22-Apr-2019 14:41:29 UTC] PHP Fatal error:  Cannot use App\Model\User as User because the name is already in use in /home/dev4a/public_html/usr/app/Model/Location.php on line 10
[25-Apr-2019 12:37:50 UTC] PHP Warning:  Uncaught ErrorException: Object of class stdClass could not be converted to string in /home/dev4a/public_html/usr/app/Model/Volunteer.php:445
Stack trace:
#0 [internal function]: Illuminate\Foundation\Bootstrap\HandleExceptions->handleError(4096, 'Object of class...', '/home/dev4a/pub...', 445, Array)
#1 /home/dev4a/public_html/usr/app/Model/Volunteer.php(445): implode(',', Array)
#2 /home/dev4a/public_html/usr/routes/web.php(171): App\Model\Volunteer::allTimeTop()
#3 /home/dev4a/public_html/usr/vendor/laravel/framework/src/Illuminate/Routing/Route.php(198): Illuminate\Routing\Router->{closure}()
#4 /home/dev4a/public_html/usr/vendor/laravel/framework/src/Illuminate/Routing/Route.php(172): Illuminate\Routing\Route->runCallable()
#5 /home/dev4a/public_html/usr/vendor/laravel/framework/src/Illuminate/Routing/Router.php(658): Illuminate\Routing\Route->run()
#6 /home/dev4a/public_html/usr/vendor/laravel/framework/src/Illuminate/Routing/Pipeline.php(30): Illuminate\Routing\Router->Illuminate\Routing\{closure}(Obje in /home/dev4a/public_html/usr/app/Model/Volunteer.php on line 445
[25-Apr-2019 12:37:50 UTC] PHP Fatal error:  Object of class stdClass could not be converted to string in /home/dev4a/public_html/usr/app/Model/Volunteer.php on line 445
[26-Apr-2019 09:48:24 UTC] PHP Warning:  require(home/dev4a/public_html/usr/vendor/autoload.php): failed to open stream: No such file or directory in /home/dev4a/public_html/usr/cron.php on line 3
[26-Apr-2019 09:48:24 UTC] PHP Warning:  require(home/dev4a/public_html/usr/vendor/autoload.php): failed to open stream: No such file or directory in /home/dev4a/public_html/usr/cron.php on line 3
[26-Apr-2019 09:48:24 UTC] PHP Fatal error:  require(): Failed opening required 'home/dev4a/public_html/usr/vendor/autoload.php' (include_path='.:/opt/cpanel/ea-php70/root/usr/share/pear') in /home/dev4a/public_html/usr/cron.php on line 3
[26-Apr-2019 09:54:22 UTC] PHP Fatal error:  Uncaught Exception: DateTimeZone::__construct(): Unknown or bad timezone () in /home/dev4a/public_html/usr/app/Functions/DT.php:10
Stack trace:
#0 /home/dev4a/public_html/usr/app/Functions/DT.php(10): DateTimeZone->__construct('')
#1 /home/dev4a/public_html/usr/app/Functions/DT.php(14): App\Functions\DT::getTimezone()
#2 /home/dev4a/public_html/usr/cron.php(14): App\Functions\DT::now()
#3 {main}
  thrown in /home/dev4a/public_html/usr/app/Functions/DT.php on line 10
[11-May-2019 07:39:28 UTC] PHP Fatal error:  Constant expression contains invalid operations in /home/dev4a/public_html/vot/app/Model/Pin.php on line 5
[13-May-2019 09:10:10 UTC] PHP Fatal error:  Class 'App\Http\Controllers\Admin\Controller' not found in /home/dev4a/public_html/vot/app/Http/Controllers/Admin/AdminController.php on line 8
[14-May-2019 07:07:10 UTC] PHP Fatal error:  Maximum execution time of 300 seconds exceeded in /home/dev4a/public_html/vot/vendor/laravel/framework/src/Illuminate/Database/Connection.php on line 326
[14-May-2019 11:56:31 UTC] PHP Fatal error:  Allowed memory size of 2147483648 bytes exhausted (tried to allocate 32768 bytes) in /home/dev4a/public_html/vot/storage/framework/views/e85fbb18548d39f96962d0ff61c8e22fa0c82707.php on line 1
[14-May-2019 11:57:18 UTC] PHP Fatal error:  Allowed memory size of 2147483648 bytes exhausted (tried to allocate 16384 bytes) in /home/dev4a/public_html/vot/vendor/laravel/framework/src/Illuminate/View/Engines/PhpEngine.php on line 35
[15-May-2019 06:54:19 UTC] PHP Warning:  Unterminated comment starting line 75 in /home/dev4a/public_html/vot/app/Http/Controllers/ObserverController.php on line 75
[15-May-2019 08:53:07 UTC] PHP Fatal error:  Class 'App\Model\Model' not found in /home/dev4a/public_html/vot/app/Model/Job.php on line 4
